Cache sync 1 at Sat Apr 25 17:30:58 UTC 2026
Cache sync 2 at Sat Apr 25 17:30:58 UTC 2026
Cache sync 3 at Sat Apr 25 17:30:58 UTC 2026
Cache sync 4 at Sat Apr 25 17:30:58 UTC 2026
Cache sync 5 at Sat Apr 25 17:30:58 UTC 2026
Cache sync 6 at Sat Apr 25 17:30:58 UTC 2026
Cache sync 7 at Sat Apr 25 17:30:58 UTC 2026
Cache sync 8 at Sat Apr 25 17:30:58 UTC 2026
Cache sync 9 at Sat Apr 25 17:30:58 UTC 2026
Cache sync 10 at Sat Apr 25 17:30:58 UTC 2026
Cache sync 11 at Sat Apr 25 17:30:58 UTC 2026
Cache sync 12 at Sat Apr 25 17:30:58 UTC 2026
Cache sync 13 at Sat Apr 25 17:30:58 UTC 2026
Cache sync 14 at Sat Apr 25 17:30:58 UTC 2026
Cache sync 15 at Sat Apr 25 17:30:58 UTC 2026
Cache sync 16 at Sat Apr 25 17:30:58 UTC 2026
Cache sync 17 at Sat Apr 25 17:30:58 UTC 2026
Cache sync 18 at Sat Apr 25 17:30:58 UTC 2026
Cache sync 19 at Sat Apr 25 17:30:58 UTC 2026
Cache sync 20 at Sat Apr 25 17:30:58 UTC 2026
Cache sync 21 at Sat Apr 25 17:30:58 UTC 2026
Cache sync 22 at Sat Apr 25 17:30:58 UTC 2026
Cache sync 23 at Sat Apr 25 17:30:58 UTC 2026
Cache sync 24 at Sat Apr 25 17:30:58 UTC 2026
Cache sync 25 at Sat Apr 25 17:30:58 UTC 2026
Cache sync 26 at Sat Apr 25 17:30:58 UTC 2026
Cache sync 27 at Sat Apr 25 17:30:58 UTC 2026
Cache sync 28 at Sat Apr 25 17:30:58 UTC 2026
Cache sync 29 at Sat Apr 25 17:30:58 UTC 2026
Cache sync 30 at Sat Apr 25 17:30:58 UTC 2026
Cache sync 31 at Sat Apr 25 17:30:58 UTC 2026
Cache sync 32 at Sat Apr 25 17:30:58 UTC 2026
Cache sync 33 at Sat Apr 25 17:30:58 UTC 2026
Cache sync 34 at Sat Apr 25 17:30:58 UTC 2026
Cache sync 35 at Sat Apr 25 17:30:58 UTC 2026
Cache sync 36 at Sat Apr 25 17:30:58 UTC 2026
Cache sync 37 at Sat Apr 25 17:30:58 UTC 2026
Cache sync 38 at Sat Apr 25 17:30:58 UTC 2026
Cache sync 39 at Sat Apr 25 17:30:58 UTC 2026
Cache sync 40 at Sat Apr 25 17:30:58 UTC 2026
Cache sync 41 at Sat Apr 25 17:30:58 UTC 2026
Cache sync 42 at Sat Apr 25 17:30:58 UTC 2026
Cache sync 43 at Sat Apr 25 17:30:58 UTC 2026
Cache sync 44 at Sat Apr 25 17:30:58 UTC 2026
Cache sync 45 at Sat Apr 25 17:30:58 UTC 2026
Cache sync 46 at Sat Apr 25 17:30:58 UTC 2026
Cache sync 47 at Sat Apr 25 17:30:58 UTC 2026
Cache sync 48 at Sat Apr 25 17:30:58 UTC 2026
Cache sync 49 at Sat Apr 25 17:30:58 UTC 2026
Cache sync 50 at Sat Apr 25 17:30:58 UTC 2026
Cache sync 51 at Sat Apr 25 17:30:58 UTC 2026
Cache sync 52 at Sat Apr 25 17:30:58 UTC 2026
Cache sync 53 at Sat Apr 25 17:30:58 UTC 2026
Cache sync 54 at Sat Apr 25 17:30:58 UTC 2026
Cache sync 55 at Sat Apr 25 17:30:58 UTC 2026
Cache sync 56 at Sat Apr 25 17:30:58 UTC 2026
Cache sync 57 at Sat Apr 25 17:30:58 UTC 2026
Cache sync 58 at Sat Apr 25 17:30:58 UTC 2026
Cache sync 59 at Sat Apr 25 17:30:58 UTC 2026
Cache sync 60 at Sat Apr 25 17:30:58 UTC 2026
Cache sync 61 at Sat Apr 25 17:30:58 UTC 2026
Cache sync 62 at Sat Apr 25 17:30:58 UTC 2026
Cache sync 63 at Sat Apr 25 17:30:58 UTC 2026
Cache sync 64 at Sat Apr 25 17:30:58 UTC 2026
Cache sync 65 at Sat Apr 25 17:30:58 UTC 2026
Cache sync 66 at Sat Apr 25 17:30:58 UTC 2026
Cache sync 67 at Sat Apr 25 17:30:58 UTC 2026
Cache sync 68 at Sat Apr 25 17:30:58 UTC 2026
Cache sync 69 at Sat Apr 25 17:30:58 UTC 2026
Cache sync 70 at Sat Apr 25 17:30:58 UTC 2026
Cache sync 71 at Sat Apr 25 17:30:58 UTC 2026
Cache sync 72 at Sat Apr 25 17:30:58 UTC 2026
Cache sync 73 at Sat Apr 25 17:30:58 UTC 2026
Cache sync 74 at Sat Apr 25 17:30:58 UTC 2026
Cache sync 75 at Sat Apr 25 17:30:58 UTC 2026
Cache sync 76 at Sat Apr 25 17:30:58 UTC 2026
Cache sync 77 at Sat Apr 25 17:30:58 UTC 2026
Cache sync 78 at Sat Apr 25 17:30:58 UTC 2026
Cache sync 79 at Sat Apr 25 17:30:58 UTC 2026
Cache sync 80 at Sat Apr 25 17:30:58 UTC 2026
Cache sync 81 at Sat Apr 25 17:30:58 UTC 2026
Cache sync 82 at Sat Apr 25 17:30:58 UTC 2026
Cache sync 83 at Sat Apr 25 17:30:58 UTC 2026
Cache sync 84 at Sat Apr 25 17:30:58 UTC 2026
Cache sync 85 at Sat Apr 25 17:30:58 UTC 2026
Cache sync 1 at Sun Apr 26 17:31:31 UTC 2026
Cache sync 2 at Sun Apr 26 17:31:31 UTC 2026
Cache sync 3 at Sun Apr 26 17:31:31 UTC 2026
Cache sync 4 at Sun Apr 26 17:31:31 UTC 2026
Cache sync 5 at Sun Apr 26 17:31:31 UTC 2026
Cache sync 6 at Sun Apr 26 17:31:31 UTC 2026
Cache sync 7 at Sun Apr 26 17:31:31 UTC 2026
Cache sync 8 at Sun Apr 26 17:31:31 UTC 2026
Cache sync 9 at Sun Apr 26 17:31:31 UTC 2026
Cache sync 10 at Sun Apr 26 17:31:31 UTC 2026
Cache sync 11 at Sun Apr 26 17:31:31 UTC 2026
Cache sync 12 at Sun Apr 26 17:31:31 UTC 2026
Cache sync 13 at Sun Apr 26 17:31:31 UTC 2026
Cache sync 14 at Sun Apr 26 17:31:31 UTC 2026
Cache sync 15 at Sun Apr 26 17:31:31 UTC 2026
Cache sync 16 at Sun Apr 26 17:31:31 UTC 2026
Cache sync 17 at Sun Apr 26 17:31:31 UTC 2026
Cache sync 18 at Sun Apr 26 17:31:31 UTC 2026
Cache sync 19 at Sun Apr 26 17:31:31 UTC 2026
Cache sync 20 at Sun Apr 26 17:31:31 UTC 2026
Cache sync 21 at Sun Apr 26 17:31:31 UTC 2026
Cache sync 22 at Sun Apr 26 17:31:31 UTC 2026
Cache sync 23 at Sun Apr 26 17:31:31 UTC 2026
Cache sync 24 at Sun Apr 26 17:31:31 UTC 2026
Cache sync 25 at Sun Apr 26 17:31:31 UTC 2026
Cache sync 26 at Sun Apr 26 17:31:31 UTC 2026
Cache sync 27 at Sun Apr 26 17:31:31 UTC 2026
Cache sync 28 at Sun Apr 26 17:31:31 UTC 2026
Cache sync 29 at Sun Apr 26 17:31:31 UTC 2026
Cache sync 30 at Sun Apr 26 17:31:31 UTC 2026
Cache sync 31 at Sun Apr 26 17:31:31 UTC 2026
Cache sync 32 at Sun Apr 26 17:31:31 UTC 2026
Cache sync 33 at Sun Apr 26 17:31:31 UTC 2026
Cache sync 1 at Mon Apr 27 18:00:18 UTC 2026
Cache sync 2 at Mon Apr 27 18:00:18 UTC 2026
Cache sync 3 at Mon Apr 27 18:00:18 UTC 2026
Cache sync 4 at Mon Apr 27 18:00:18 UTC 2026
Cache sync 5 at Mon Apr 27 18:00:18 UTC 2026
Cache sync 6 at Mon Apr 27 18:00:18 UTC 2026
Cache sync 7 at Mon Apr 27 18:00:18 UTC 2026
Cache sync 1 at Wed Apr 29 18:07:42 UTC 2026
Cache sync 2 at Wed Apr 29 18:07:42 UTC 2026
Cache sync 3 at Wed Apr 29 18:07:42 UTC 2026
Cache sync 4 at Wed Apr 29 18:07:42 UTC 2026
Cache sync 5 at Wed Apr 29 18:07:42 UTC 2026
Cache sync 6 at Wed Apr 29 18:07:42 UTC 2026
Cache sync 7 at Wed Apr 29 18:07:42 UTC 2026
Cache sync 8 at Wed Apr 29 18:07:42 UTC 2026
Cache sync 9 at Wed Apr 29 18:07:42 UTC 2026
Cache sync 10 at Wed Apr 29 18:07:42 UTC 2026
Cache sync 11 at Wed Apr 29 18:07:42 UTC 2026
Cache sync 12 at Wed Apr 29 18:07:42 UTC 2026
Cache sync 13 at Wed Apr 29 18:07:42 UTC 2026
Cache sync 14 at Wed Apr 29 18:07:42 UTC 2026
Cache sync 15 at Wed Apr 29 18:07:42 UTC 2026
Cache sync 16 at Wed Apr 29 18:07:42 UTC 2026
Cache sync 17 at Wed Apr 29 18:07:42 UTC 2026
Cache sync 18 at Wed Apr 29 18:07:42 UTC 2026
Cache sync 19 at Wed Apr 29 18:07:42 UTC 2026
Cache sync 20 at Wed Apr 29 18:07:42 UTC 2026
Cache sync 21 at Wed Apr 29 18:07:42 UTC 2026
Cache sync 22 at Wed Apr 29 18:07:42 UTC 2026
Cache sync 23 at Wed Apr 29 18:07:42 UTC 2026
Cache sync 24 at Wed Apr 29 18:07:42 UTC 2026
Cache sync 25 at Wed Apr 29 18:07:42 UTC 2026
Cache sync 26 at Wed Apr 29 18:07:42 UTC 2026
Cache sync 27 at Wed Apr 29 18:07:42 UTC 2026
Cache sync 28 at Wed Apr 29 18:07:42 UTC 2026
Cache sync 29 at Wed Apr 29 18:07:42 UTC 2026
Cache sync 30 at Wed Apr 29 18:07:42 UTC 2026
Cache sync 31 at Wed Apr 29 18:07:42 UTC 2026
Cache sync 32 at Wed Apr 29 18:07:42 UTC 2026
Cache sync 33 at Wed Apr 29 18:07:42 UTC 2026
Cache sync 34 at Wed Apr 29 18:07:42 UTC 2026
Cache sync 35 at Wed Apr 29 18:07:42 UTC 2026
Cache sync 36 at Wed Apr 29 18:07:42 UTC 2026
Cache sync 37 at Wed Apr 29 18:07:42 UTC 2026
Cache sync 38 at Wed Apr 29 18:07:42 UTC 2026
Cache sync 39 at Wed Apr 29 18:07:42 UTC 2026
Cache sync 40 at Wed Apr 29 18:07:42 UTC 2026
Cache sync 41 at Wed Apr 29 18:07:42 UTC 2026
Cache sync 42 at Wed Apr 29 18:07:42 UTC 2026
Cache sync 43 at Wed Apr 29 18:07:42 UTC 2026
Cache sync 44 at Wed Apr 29 18:07:42 UTC 2026
Cache sync 45 at Wed Apr 29 18:07:42 UTC 2026
Cache sync 46 at Wed Apr 29 18:07:42 UTC 2026
Cache sync 47 at Wed Apr 29 18:07:42 UTC 2026
Cache sync 48 at Wed Apr 29 18:07:42 UTC 2026
Cache sync 49 at Wed Apr 29 18:07:42 UTC 2026
Cache sync 50 at Wed Apr 29 18:07:42 UTC 2026
Cache sync 51 at Wed Apr 29 18:07:42 UTC 2026
Cache sync 52 at Wed Apr 29 18:07:42 UTC 2026
Cache sync 53 at Wed Apr 29 18:07:42 UTC 2026
Cache sync 54 at Wed Apr 29 18:07:42 UTC 2026
Cache sync 55 at Wed Apr 29 18:07:42 UTC 2026
Cache sync 56 at Wed Apr 29 18:07:42 UTC 2026
Cache sync 57 at Wed Apr 29 18:07:42 UTC 2026
Cache sync 58 at Wed Apr 29 18:07:42 UTC 2026
Cache sync 59 at Wed Apr 29 18:07:42 UTC 2026
Cache sync 60 at Wed Apr 29 18:07:42 UTC 2026
Cache sync 61 at Wed Apr 29 18:07:42 UTC 2026
Cache sync 62 at Wed Apr 29 18:07:42 UTC 2026
Cache sync 63 at Wed Apr 29 18:07:42 UTC 2026
Cache sync 64 at Wed Apr 29 18:07:42 UTC 2026
Cache sync 65 at Wed Apr 29 18:07:42 UTC 2026
Cache sync 66 at Wed Apr 29 18:07:42 UTC 2026
Cache sync 67 at Wed Apr 29 18:07:42 UTC 2026
Cache sync 68 at Wed Apr 29 18:07:42 UTC 2026
Cache sync 69 at Wed Apr 29 18:07:42 UTC 2026
Cache sync 70 at Wed Apr 29 18:07:42 UTC 2026
Cache sync 71 at Wed Apr 29 18:07:42 UTC 2026
Cache sync 72 at Wed Apr 29 18:07:42 UTC 2026
Cache sync 73 at Wed Apr 29 18:07:42 UTC 2026
Cache sync 74 at Wed Apr 29 18:07:42 UTC 2026
Cache sync 75 at Wed Apr 29 18:07:42 UTC 2026
Cache sync 76 at Wed Apr 29 18:07:42 UTC 2026
Cache sync 77 at Wed Apr 29 18:07:42 UTC 2026
Cache sync 78 at Wed Apr 29 18:07:42 UTC 2026
Cache sync 79 at Wed Apr 29 18:07:42 UTC 2026
Cache sync 80 at Wed Apr 29 18:07:42 UTC 2026
Cache sync 81 at Wed Apr 29 18:07:42 UTC 2026
Cache sync 1 at Thu Apr 30 18:04:23 UTC 2026
Cache sync 2 at Thu Apr 30 18:04:23 UTC 2026
Cache sync 3 at Thu Apr 30 18:04:23 UTC 2026
Cache sync 4 at Thu Apr 30 18:04:23 UTC 2026
Cache sync 5 at Thu Apr 30 18:04:23 UTC 2026
Cache sync 6 at Thu Apr 30 18:04:23 UTC 2026
Cache sync 7 at Thu Apr 30 18:04:23 UTC 2026
Cache sync 8 at Thu Apr 30 18:04:23 UTC 2026
Cache sync 9 at Thu Apr 30 18:04:23 UTC 2026
Cache sync 10 at Thu Apr 30 18:04:23 UTC 2026
Cache sync 11 at Thu Apr 30 18:04:23 UTC 2026
Cache sync 12 at Thu Apr 30 18:04:23 UTC 2026
Cache sync 13 at Thu Apr 30 18:04:23 UTC 2026
Cache sync 14 at Thu Apr 30 18:04:23 UTC 2026
Cache sync 15 at Thu Apr 30 18:04:23 UTC 2026
Cache sync 16 at Thu Apr 30 18:04:23 UTC 2026
Cache sync 17 at Thu Apr 30 18:04:23 UTC 2026
Cache sync 18 at Thu Apr 30 18:04:23 UTC 2026
Cache sync 19 at Thu Apr 30 18:04:23 UTC 2026
Cache sync 20 at Thu Apr 30 18:04:23 UTC 2026
Cache sync 1 at Fri May  1 17:50:24 UTC 2026
Cache sync 2 at Fri May  1 17:50:24 UTC 2026
Cache sync 3 at Fri May  1 17:50:24 UTC 2026
Cache sync 1 at Sat May  2 17:37:19 UTC 2026
Cache sync 2 at Sat May  2 17:37:19 UTC 2026
Cache sync 3 at Sat May  2 17:37:19 UTC 2026
Cache sync 4 at Sat May  2 17:37:19 UTC 2026
Cache sync 5 at Sat May  2 17:37:19 UTC 2026
Cache sync 6 at Sat May  2 17:37:19 UTC 2026
Cache sync 1 at Sun May  3 17:38:59 UTC 2026
Cache sync 2 at Sun May  3 17:38:59 UTC 2026
Cache sync 3 at Sun May  3 17:38:59 UTC 2026
Cache sync 4 at Sun May  3 17:38:59 UTC 2026
Cache sync 5 at Sun May  3 17:38:59 UTC 2026
Cache sync 6 at Sun May  3 17:38:59 UTC 2026
Cache sync 7 at Sun May  3 17:38:59 UTC 2026
Cache sync 8 at Sun May  3 17:38:59 UTC 2026
Cache sync 9 at Sun May  3 17:38:59 UTC 2026
Cache sync 10 at Sun May  3 17:38:59 UTC 2026
Cache sync 11 at Sun May  3 17:38:59 UTC 2026
Cache sync 12 at Sun May  3 17:38:59 UTC 2026
Cache sync 13 at Sun May  3 17:38:59 UTC 2026
Cache sync 14 at Sun May  3 17:38:59 UTC 2026
Cache sync 15 at Sun May  3 17:38:59 UTC 2026
Cache sync 16 at Sun May  3 17:38:59 UTC 2026
Cache sync 17 at Sun May  3 17:38:59 UTC 2026
Cache sync 18 at Sun May  3 17:38:59 UTC 2026
Cache sync 19 at Sun May  3 17:38:59 UTC 2026
Cache sync 20 at Sun May  3 17:38:59 UTC 2026
Cache sync 21 at Sun May  3 17:38:59 UTC 2026
Cache sync 22 at Sun May  3 17:38:59 UTC 2026
Cache sync 23 at Sun May  3 17:38:59 UTC 2026
Cache sync 24 at Sun May  3 17:38:59 UTC 2026
Cache sync 25 at Sun May  3 17:38:59 UTC 2026
Cache sync 1 at Mon May  4 18:09:31 UTC 2026
Cache sync 2 at Mon May  4 18:09:31 UTC 2026
Cache sync 3 at Mon May  4 18:09:31 UTC 2026
Cache sync 4 at Mon May  4 18:09:31 UTC 2026
Cache sync 5 at Mon May  4 18:09:31 UTC 2026
Cache sync 6 at Mon May  4 18:09:31 UTC 2026
Cache sync 7 at Mon May  4 18:09:31 UTC 2026
Cache sync 8 at Mon May  4 18:09:31 UTC 2026
Cache sync 9 at Mon May  4 18:09:31 UTC 2026
Cache sync 10 at Mon May  4 18:09:31 UTC 2026
Cache sync 11 at Mon May  4 18:09:31 UTC 2026
Cache sync 12 at Mon May  4 18:09:31 UTC 2026
Cache sync 1 at Tue May  5 18:06:05 UTC 2026
Cache sync 2 at Tue May  5 18:06:05 UTC 2026
Cache sync 3 at Tue May  5 18:06:05 UTC 2026
Cache sync 4 at Tue May  5 18:06:05 UTC 2026
Cache sync 5 at Tue May  5 18:06:05 UTC 2026
Cache sync 6 at Tue May  5 18:06:05 UTC 2026
Cache sync 7 at Tue May  5 18:06:05 UTC 2026
Cache sync 8 at Tue May  5 18:06:05 UTC 2026
Cache sync 9 at Tue May  5 18:06:05 UTC 2026
Cache sync 10 at Tue May  5 18:06:05 UTC 2026
Cache sync 11 at Tue May  5 18:06:05 UTC 2026
Cache sync 12 at Tue May  5 18:06:05 UTC 2026
Cache sync 13 at Tue May  5 18:06:05 UTC 2026
Cache sync 14 at Tue May  5 18:06:05 UTC 2026
Cache sync 15 at Tue May  5 18:06:05 UTC 2026
Cache sync 16 at Tue May  5 18:06:05 UTC 2026
Cache sync 17 at Tue May  5 18:06:05 UTC 2026
Cache sync 18 at Tue May  5 18:06:05 UTC 2026
Cache sync 19 at Tue May  5 18:06:05 UTC 2026
Cache sync 20 at Tue May  5 18:06:05 UTC 2026
Cache sync 21 at Tue May  5 18:06:05 UTC 2026
Cache sync 22 at Tue May  5 18:06:05 UTC 2026
Cache sync 23 at Tue May  5 18:06:05 UTC 2026
Cache sync 24 at Tue May  5 18:06:05 UTC 2026
Cache sync 25 at Tue May  5 18:06:05 UTC 2026
Cache sync 26 at Tue May  5 18:06:05 UTC 2026
Cache sync 27 at Tue May  5 18:06:05 UTC 2026
Cache sync 28 at Tue May  5 18:06:05 UTC 2026
Cache sync 29 at Tue May  5 18:06:05 UTC 2026
Cache sync 30 at Tue May  5 18:06:05 UTC 2026
Cache sync 31 at Tue May  5 18:06:05 UTC 2026
Cache sync 32 at Tue May  5 18:06:05 UTC 2026
Cache sync 1 at Wed May  6 18:10:39 UTC 2026
Cache sync 2 at Wed May  6 18:10:39 UTC 2026
Cache sync 3 at Wed May  6 18:10:39 UTC 2026
Cache sync 4 at Wed May  6 18:10:39 UTC 2026
Cache sync 5 at Wed May  6 18:10:39 UTC 2026
Cache sync 6 at Wed May  6 18:10:39 UTC 2026
Cache sync 7 at Wed May  6 18:10:39 UTC 2026
Cache sync 8 at Wed May  6 18:10:39 UTC 2026
Cache sync 9 at Wed May  6 18:10:39 UTC 2026
Cache sync 10 at Wed May  6 18:10:39 UTC 2026
Cache sync 11 at Wed May  6 18:10:39 UTC 2026
Cache sync 12 at Wed May  6 18:10:39 UTC 2026
Cache sync 13 at Wed May  6 18:10:39 UTC 2026
Cache sync 14 at Wed May  6 18:10:39 UTC 2026
Cache sync 15 at Wed May  6 18:10:39 UTC 2026
Cache sync 16 at Wed May  6 18:10:39 UTC 2026
Cache sync 17 at Wed May  6 18:10:39 UTC 2026
Cache sync 18 at Wed May  6 18:10:39 UTC 2026
Cache sync 19 at Wed May  6 18:10:39 UTC 2026
Cache sync 20 at Wed May  6 18:10:39 UTC 2026
Cache sync 21 at Wed May  6 18:10:39 UTC 2026
Cache sync 22 at Wed May  6 18:10:39 UTC 2026
Cache sync 23 at Wed May  6 18:10:39 UTC 2026
Cache sync 24 at Wed May  6 18:10:39 UTC 2026
Cache sync 25 at Wed May  6 18:10:39 UTC 2026
Cache sync 26 at Wed May  6 18:10:39 UTC 2026
Cache sync 27 at Wed May  6 18:10:39 UTC 2026
Cache sync 28 at Wed May  6 18:10:39 UTC 2026
Cache sync 29 at Wed May  6 18:10:39 UTC 2026
Cache sync 30 at Wed May  6 18:10:39 UTC 2026
Cache sync 31 at Wed May  6 18:10:39 UTC 2026
Cache sync 32 at Wed May  6 18:10:39 UTC 2026
Cache sync 33 at Wed May  6 18:10:39 UTC 2026
Cache sync 34 at Wed May  6 18:10:39 UTC 2026
Cache sync 35 at Wed May  6 18:10:39 UTC 2026
Cache sync 36 at Wed May  6 18:10:39 UTC 2026
Cache sync 37 at Wed May  6 18:10:39 UTC 2026
Cache sync 38 at Wed May  6 18:10:39 UTC 2026
Cache sync 39 at Wed May  6 18:10:39 UTC 2026
Cache sync 40 at Wed May  6 18:10:39 UTC 2026
Cache sync 41 at Wed May  6 18:10:39 UTC 2026
Cache sync 42 at Wed May  6 18:10:39 UTC 2026
Cache sync 43 at Wed May  6 18:10:39 UTC 2026
Cache sync 44 at Wed May  6 18:10:39 UTC 2026
Cache sync 45 at Wed May  6 18:10:39 UTC 2026
Cache sync 46 at Wed May  6 18:10:39 UTC 2026
Cache sync 47 at Wed May  6 18:10:39 UTC 2026
Cache sync 48 at Wed May  6 18:10:39 UTC 2026
Cache sync 49 at Wed May  6 18:10:39 UTC 2026
Cache sync 50 at Wed May  6 18:10:39 UTC 2026
Cache sync 51 at Wed May  6 18:10:39 UTC 2026
Cache sync 52 at Wed May  6 18:10:39 UTC 2026
Cache sync 53 at Wed May  6 18:10:39 UTC 2026
Cache sync 54 at Wed May  6 18:10:39 UTC 2026
Cache sync 55 at Wed May  6 18:10:39 UTC 2026
Cache sync 56 at Wed May  6 18:10:39 UTC 2026
Cache sync 57 at Wed May  6 18:10:39 UTC 2026
Cache sync 58 at Wed May  6 18:10:39 UTC 2026
Cache sync 59 at Wed May  6 18:10:39 UTC 2026
Cache sync 60 at Wed May  6 18:10:39 UTC 2026
Cache sync 61 at Wed May  6 18:10:39 UTC 2026
Cache sync 62 at Wed May  6 18:10:39 UTC 2026
Cache sync 63 at Wed May  6 18:10:39 UTC 2026
Cache sync 64 at Wed May  6 18:10:39 UTC 2026
Cache sync 65 at Wed May  6 18:10:39 UTC 2026
Cache sync 66 at Wed May  6 18:10:39 UTC 2026
Cache sync 67 at Wed May  6 18:10:39 UTC 2026
Cache sync 68 at Wed May  6 18:10:39 UTC 2026
Cache sync 69 at Wed May  6 18:10:39 UTC 2026
Cache sync 70 at Wed May  6 18:10:39 UTC 2026
Cache sync 71 at Wed May  6 18:10:39 UTC 2026
